<?xml version="1.0" encoding="UTF-8"?>
<!-- Generated by org.testng.reporters.JUnitReportReporter -->
<testsuite skipped="0" hostname="LAPTOP-9I2LJCTB" name="appModules.Registration" tests="4" failures="0" timestamp="18 Nov 2016 16:43:37 GMT" time="41.543" errors="0">
  <testcase name="register" time="22.052" classname="appModules.Registration"/>
  <testcase name="handleIframe" time="1.404" classname="appModules.Registration"/>
  <testcase name="register" time="18.043" classname="appModules.Registration"/>
  <testcase name="VerifyTitle" time="0.044" classname="appModules.Registration"/>
</testsuite> <!-- appModules.Registration -->
