<?xml version="1.0" encoding="UTF-8"?>
<!-- Generated by org.testng.reporters.JUnitReportReporter -->
<testsuite skipped="0" hostname="LAPTOP-9I2LJCTB" name="appModules.Login" tests="1" failures="0" timestamp="21 Nov 2016 23:35:19 GMT" time="7.757" errors="0">
  <testcase name="test_Home_Page_Appear_Correct" time="7.757" classname="appModules.Login"/>
</testsuite> <!-- appModules.Login -->
